<?xml version="1.0" encoding="UTF-8" standalone="yes"?>
<ns2:test-suite start="1675337619186" stop="1675337771941" version="1.4.22" xmlns:ns2="urn:model.allure.qatools.yandex.ru">
    <name>Suite : Test - 1</name>
    <title>Suite : Test - 1</title>
    <test-cases>
        <test-case start="1675337621826" stop="1675337737148" status="passed">
            <name>runScenario["Amazon Page","Optional[Amazon Test Caces]"]</name>
            <description>Runs Cucumber Scenarios</description>
            <steps>
                <step start="1675337657304" stop="1675337657310" status="passed">
                    <name>log[Click on All button, false]</name>
                    <title>Click on All button</title>
                    <attachments/>
                    <steps/>
                </step>
                <step start="1675337669608" stop="1675337669610" status="passed">
                    <name>log[Click on All button, false]</name>
                    <title>Click on All button</title>
                    <attachments/>
                    <steps/>
                </step>
                <step start="1675337717544" stop="1675337717545" status="passed">
                    <name>log[Click on All button, false]</name>
                    <title>Click on All button</title>
                    <attachments/>
                    <steps/>
                </step>
                <step start="1675337735033" stop="1675337735037" status="passed">
                    <name>log[Click on All button, false]</name>
                    <title>Click on All button</title>
                    <attachments/>
                    <steps/>
                </step>
            </steps>
            <attachments/>
            <labels>
                <label name="host" value="DESKTOP-8TF2HVC"/>
                <label name="thread" value="4732@DESKTOP-8TF2HVC.main(1)"/>
            </labels>
        </test-case>
        <test-case start="1675337621826" stop="1675337737148" status="passed">
            <name>runScenario["Amazon Page","Optional[Amazon Test Caces]"]</name>
            <description>Runs Cucumber Scenarios</description>
            <steps>
                <step start="1675337657304" stop="1675337657310" status="passed">
                    <name>log[Click on All button, false]</name>
                    <title>Click on All button</title>
                    <attachments/>
                    <steps/>
                </step>
                <step start="1675337669608" stop="1675337669610" status="passed">
                    <name>log[Click on All button, false]</name>
                    <title>Click on All button</title>
                    <attachments/>
                    <steps/>
                </step>
                <step start="1675337717544" stop="1675337717545" status="passed">
                    <name>log[Click on All button, false]</name>
                    <title>Click on All button</title>
                    <attachments/>
                    <steps/>
                </step>
                <step start="1675337735033" stop="1675337735037" status="passed">
                    <name>log[Click on All button, false]</name>
                    <title>Click on All button</title>
                    <attachments/>
                    <steps/>
                </step>
            </steps>
            <attachments/>
            <labels>
                <label name="host" value="DESKTOP-8TF2HVC"/>
                <label name="thread" value="4732@DESKTOP-8TF2HVC.main(1)"/>
            </labels>
        </test-case>
        <test-case start="1675337621826" stop="1675337737148" status="passed">
            <name>runScenario["Amazon Page","Optional[Amazon Test Caces]"]</name>
            <description>Runs Cucumber Scenarios</description>
            <steps>
                <step start="1675337657304" stop="1675337657310" status="passed">
                    <name>log[Click on All button, false]</name>
                    <title>Click on All button</title>
                    <attachments/>
                    <steps/>
                </step>
                <step start="1675337669608" stop="1675337669610" status="passed">
                    <name>log[Click on All button, false]</name>
                    <title>Click on All button</title>
                    <attachments/>
                    <steps/>
                </step>
                <step start="1675337717544" stop="1675337717545" status="passed">
                    <name>log[Click on All button, false]</name>
                    <title>Click on All button</title>
                    <attachments/>
                    <steps/>
                </step>
                <step start="1675337735033" stop="1675337735037" status="passed">
                    <name>log[Click on All button, false]</name>
                    <title>Click on All button</title>
                    <attachments/>
                    <steps/>
                </step>
            </steps>
            <attachments/>
            <labels>
                <label name="host" value="DESKTOP-8TF2HVC"/>
                <label name="thread" value="4732@DESKTOP-8TF2HVC.main(1)"/>
            </labels>
        </test-case>
        <test-case start="1675337621826" stop="1675337737148" status="passed">
            <name>runScenario["Amazon Page","Optional[Amazon Test Caces]"]</name>
            <description>Runs Cucumber Scenarios</description>
            <steps>
                <step start="1675337657304" stop="1675337657310" status="passed">
                    <name>log[Click on All button, false]</name>
                    <title>Click on All button</title>
                    <attachments/>
                    <steps/>
                </step>
                <step start="1675337669608" stop="1675337669610" status="passed">
                    <name>log[Click on All button, false]</name>
                    <title>Click on All button</title>
                    <attachments/>
                    <steps/>
                </step>
                <step start="1675337717544" stop="1675337717545" status="passed">
                    <name>log[Click on All button, false]</name>
                    <title>Click on All button</title>
                    <attachments/>
                    <steps/>
                </step>
                <step start="1675337735033" stop="1675337735037" status="passed">
                    <name>log[Click on All button, false]</name>
                    <title>Click on All button</title>
                    <attachments/>
                    <steps/>
                </step>
            </steps>
            <attachments/>
            <labels>
                <label name="host" value="DESKTOP-8TF2HVC"/>
                <label name="thread" value="4732@DESKTOP-8TF2HVC.main(1)"/>
            </labels>
        </test-case>
        <test-case start="1675337737167" stop="1675337769450" status="broken">
            <name>runScenario["Amazon Login","Optional[Amazon Test Caces]"]</name>
            <description>Runs Cucumber Scenarios</description>
            <failure>
                <message>ElementNotInteractableException: element not interactable
  (Session info: chrome=109.0.5414.120)
Build info: version: '3.141.59', revision: 'e82be7d358', time: '2018-11-14T08:17:03'
System info: host: 'DESKTOP-8TF2HVC', ip: '192.168.8.226', os.name: 'Windows 10', os.arch: 'amd64', os.version: '10.0', java.version: '17.0.5'
Driver info: org.openqa.selenium.chrome.ChromeDriver
Capabilities {acceptInsecureCerts: false, browserName: chrome, browserVersion: 109.0.5414.120, chrome: {chromedriverVersion: 109.0.5414.74 (e7c5703604da..., userDataDir: C:\Users\ecs\AppData\Local\...}, goog:chromeOptions: {debuggerAddress: localhost:49581}, javascriptEnabled: true, networkConnectionEnabled: false, pageLoadStrategy: normal, platform: WINDOWS, platformName: WINDOWS, proxy: Proxy(), setWindowRect: true, strictFileInteractability: false, timeouts: {implicit: 0, pageLoad: 300000, script: 30000}, unhandledPromptBehavior: dismiss and notify, webauthn:extension:credBlob: true, webauthn:extension:largeBlob: true, webauthn:virtualAuthenticators: true}
Session ID: 772a5564c606359c39a41c2f79fbad24</message>
                <stack-trace>org.openqa.selenium.ElementNotInteractableException: element not interactable
  (Session info: chrome=109.0.5414.120)
Build info: version: '3.141.59', revision: 'e82be7d358', time: '2018-11-14T08:17:03'
System info: host: 'DESKTOP-8TF2HVC', ip: '192.168.8.226', os.name: 'Windows 10', os.arch: 'amd64', os.version: '10.0', java.version: '17.0.5'
Driver info: org.openqa.selenium.chrome.ChromeDriver
Capabilities {acceptInsecureCerts: false, browserName: chrome, browserVersion: 109.0.5414.120, chrome: {chromedriverVersion: 109.0.5414.74 (e7c5703604da..., userDataDir: C:\Users\ecs\AppData\Local\...}, goog:chromeOptions: {debuggerAddress: localhost:49581}, javascriptEnabled: true, networkConnectionEnabled: false, pageLoadStrategy: normal, platform: WINDOWS, platformName: WINDOWS, proxy: Proxy(), setWindowRect: true, strictFileInteractability: false, timeouts: {implicit: 0, pageLoad: 300000, script: 30000}, unhandledPromptBehavior: dismiss and notify, webauthn:extension:credBlob: true, webauthn:extension:largeBlob: true, webauthn:virtualAuthenticators: true}
Session ID: 772a5564c606359c39a41c2f79fbad24&#13;
	at java.base/jdk.internal.reflect.NativeConstructorAccessorImpl.newInstance0(Native Method)&#13;
	at java.base/jdk.internal.reflect.NativeConstructorAccessorImpl.newInstance(NativeConstructorAccessorImpl.java:77)&#13;
	at java.base/jdk.internal.reflect.DelegatingConstructorAccessorImpl.newInstance(DelegatingConstructorAccessorImpl.java:45)&#13;
	at java.base/java.lang.reflect.Constructor.newInstanceWithCaller(Constructor.java:499)&#13;
	at java.base/java.lang.reflect.Constructor.newInstance(Constructor.java:480)&#13;
	at org.openqa.selenium.remote.http.W3CHttpResponseCodec.createException(W3CHttpResponseCodec.java:187)&#13;
	at org.openqa.selenium.remote.http.W3CHttpResponseCodec.decode(W3CHttpResponseCodec.java:122)&#13;
	at org.openqa.selenium.remote.http.W3CHttpResponseCodec.decode(W3CHttpResponseCodec.java:49)&#13;
	at org.openqa.selenium.remote.HttpCommandExecutor.execute(HttpCommandExecutor.java:158)&#13;
	at org.openqa.selenium.remote.service.DriverCommandExecutor.execute(DriverCommandExecutor.java:83)&#13;
	at org.openqa.selenium.remote.RemoteWebDriver.execute(RemoteWebDriver.java:552)&#13;
	at org.openqa.selenium.remote.RemoteWebElement.execute(RemoteWebElement.java:285)&#13;
	at org.openqa.selenium.remote.RemoteWebElement.sendKeys(RemoteWebElement.java:106)&#13;
	at com.PSC.helper.PageObject.LoginPage.enterEmail(LoginPage.java:127)&#13;
	at com.PSC.framework.stepDefinition.AmazonPage.user_enter_invalid_email_and_password(AmazonPage.java:61)&#13;
	at ✽.User Enter invalid email and password(classpath:BackOffice/Amazon.feature:17)&#13;
</stack-trace>
            </failure>
            <steps>
                <step start="1675337755337" stop="1675337755338" status="passed">
                    <name>log[Click on Continue button, false]</name>
                    <title>Click on Continue button</title>
                </step>
            </steps>
            <attachments>
                <attachment title="screenshot" source="5671c2b9-2f30-470c-9400-260048835d27-attachment.png" type="image/png"/>
            </attachments>
            <labels>
                <label name="host" value="DESKTOP-8TF2HVC"/>
                <label name="thread" value="4732@DESKTOP-8TF2HVC.main(1)"/>
            </labels>
        </test-case>
        <test-case start="1675337737167" stop="1675337769450" status="broken">
            <name>runScenario["Amazon Login","Optional[Amazon Test Caces]"]</name>
            <description>Runs Cucumber Scenarios</description>
            <failure>
                <message>ElementNotInteractableException: element not interactable
  (Session info: chrome=109.0.5414.120)
Build info: version: '3.141.59', revision: 'e82be7d358', time: '2018-11-14T08:17:03'
System info: host: 'DESKTOP-8TF2HVC', ip: '192.168.8.226', os.name: 'Windows 10', os.arch: 'amd64', os.version: '10.0', java.version: '17.0.5'
Driver info: org.openqa.selenium.chrome.ChromeDriver
Capabilities {acceptInsecureCerts: false, browserName: chrome, browserVersion: 109.0.5414.120, chrome: {chromedriverVersion: 109.0.5414.74 (e7c5703604da..., userDataDir: C:\Users\ecs\AppData\Local\...}, goog:chromeOptions: {debuggerAddress: localhost:49581}, javascriptEnabled: true, networkConnectionEnabled: false, pageLoadStrategy: normal, platform: WINDOWS, platformName: WINDOWS, proxy: Proxy(), setWindowRect: true, strictFileInteractability: false, timeouts: {implicit: 0, pageLoad: 300000, script: 30000}, unhandledPromptBehavior: dismiss and notify, webauthn:extension:credBlob: true, webauthn:extension:largeBlob: true, webauthn:virtualAuthenticators: true}
Session ID: 772a5564c606359c39a41c2f79fbad24</message>
                <stack-trace>org.openqa.selenium.ElementNotInteractableException: element not interactable
  (Session info: chrome=109.0.5414.120)
Build info: version: '3.141.59', revision: 'e82be7d358', time: '2018-11-14T08:17:03'
System info: host: 'DESKTOP-8TF2HVC', ip: '192.168.8.226', os.name: 'Windows 10', os.arch: 'amd64', os.version: '10.0', java.version: '17.0.5'
Driver info: org.openqa.selenium.chrome.ChromeDriver
Capabilities {acceptInsecureCerts: false, browserName: chrome, browserVersion: 109.0.5414.120, chrome: {chromedriverVersion: 109.0.5414.74 (e7c5703604da..., userDataDir: C:\Users\ecs\AppData\Local\...}, goog:chromeOptions: {debuggerAddress: localhost:49581}, javascriptEnabled: true, networkConnectionEnabled: false, pageLoadStrategy: normal, platform: WINDOWS, platformName: WINDOWS, proxy: Proxy(), setWindowRect: true, strictFileInteractability: false, timeouts: {implicit: 0, pageLoad: 300000, script: 30000}, unhandledPromptBehavior: dismiss and notify, webauthn:extension:credBlob: true, webauthn:extension:largeBlob: true, webauthn:virtualAuthenticators: true}
Session ID: 772a5564c606359c39a41c2f79fbad24&#13;
	at java.base/jdk.internal.reflect.NativeConstructorAccessorImpl.newInstance0(Native Method)&#13;
	at java.base/jdk.internal.reflect.NativeConstructorAccessorImpl.newInstance(NativeConstructorAccessorImpl.java:77)&#13;
	at java.base/jdk.internal.reflect.DelegatingConstructorAccessorImpl.newInstance(DelegatingConstructorAccessorImpl.java:45)&#13;
	at java.base/java.lang.reflect.Constructor.newInstanceWithCaller(Constructor.java:499)&#13;
	at java.base/java.lang.reflect.Constructor.newInstance(Constructor.java:480)&#13;
	at org.openqa.selenium.remote.http.W3CHttpResponseCodec.createException(W3CHttpResponseCodec.java:187)&#13;
	at org.openqa.selenium.remote.http.W3CHttpResponseCodec.decode(W3CHttpResponseCodec.java:122)&#13;
	at org.openqa.selenium.remote.http.W3CHttpResponseCodec.decode(W3CHttpResponseCodec.java:49)&#13;
	at org.openqa.selenium.remote.HttpCommandExecutor.execute(HttpCommandExecutor.java:158)&#13;
	at org.openqa.selenium.remote.service.DriverCommandExecutor.execute(DriverCommandExecutor.java:83)&#13;
	at org.openqa.selenium.remote.RemoteWebDriver.execute(RemoteWebDriver.java:552)&#13;
	at org.openqa.selenium.remote.RemoteWebElement.execute(RemoteWebElement.java:285)&#13;
	at org.openqa.selenium.remote.RemoteWebElement.sendKeys(RemoteWebElement.java:106)&#13;
	at com.PSC.helper.PageObject.LoginPage.enterEmail(LoginPage.java:127)&#13;
	at com.PSC.framework.stepDefinition.AmazonPage.user_enter_invalid_email_and_password(AmazonPage.java:61)&#13;
	at ✽.User Enter invalid email and password(classpath:BackOffice/Amazon.feature:17)&#13;
</stack-trace>
            </failure>
            <steps>
                <step start="1675337755337" stop="1675337755338" status="passed">
                    <name>log[Click on Continue button, false]</name>
                    <title>Click on Continue button</title>
                </step>
            </steps>
            <attachments>
                <attachment title="screenshot" source="5671c2b9-2f30-470c-9400-260048835d27-attachment.png" type="image/png"/>
            </attachments>
            <labels>
                <label name="host" value="DESKTOP-8TF2HVC"/>
                <label name="thread" value="4732@DESKTOP-8TF2HVC.main(1)"/>
            </labels>
        </test-case>
        <test-case start="1675337737167" stop="1675337769450" status="broken">
            <name>runScenario["Amazon Login","Optional[Amazon Test Caces]"]</name>
            <description>Runs Cucumber Scenarios</description>
            <failure>
                <message>ElementNotInteractableException: element not interactable
  (Session info: chrome=109.0.5414.120)
Build info: version: '3.141.59', revision: 'e82be7d358', time: '2018-11-14T08:17:03'
System info: host: 'DESKTOP-8TF2HVC', ip: '192.168.8.226', os.name: 'Windows 10', os.arch: 'amd64', os.version: '10.0', java.version: '17.0.5'
Driver info: org.openqa.selenium.chrome.ChromeDriver
Capabilities {acceptInsecureCerts: false, browserName: chrome, browserVersion: 109.0.5414.120, chrome: {chromedriverVersion: 109.0.5414.74 (e7c5703604da..., userDataDir: C:\Users\ecs\AppData\Local\...}, goog:chromeOptions: {debuggerAddress: localhost:49581}, javascriptEnabled: true, networkConnectionEnabled: false, pageLoadStrategy: normal, platform: WINDOWS, platformName: WINDOWS, proxy: Proxy(), setWindowRect: true, strictFileInteractability: false, timeouts: {implicit: 0, pageLoad: 300000, script: 30000}, unhandledPromptBehavior: dismiss and notify, webauthn:extension:credBlob: true, webauthn:extension:largeBlob: true, webauthn:virtualAuthenticators: true}
Session ID: 772a5564c606359c39a41c2f79fbad24</message>
                <stack-trace>org.openqa.selenium.ElementNotInteractableException: element not interactable
  (Session info: chrome=109.0.5414.120)
Build info: version: '3.141.59', revision: 'e82be7d358', time: '2018-11-14T08:17:03'
System info: host: 'DESKTOP-8TF2HVC', ip: '192.168.8.226', os.name: 'Windows 10', os.arch: 'amd64', os.version: '10.0', java.version: '17.0.5'
Driver info: org.openqa.selenium.chrome.ChromeDriver
Capabilities {acceptInsecureCerts: false, browserName: chrome, browserVersion: 109.0.5414.120, chrome: {chromedriverVersion: 109.0.5414.74 (e7c5703604da..., userDataDir: C:\Users\ecs\AppData\Local\...}, goog:chromeOptions: {debuggerAddress: localhost:49581}, javascriptEnabled: true, networkConnectionEnabled: false, pageLoadStrategy: normal, platform: WINDOWS, platformName: WINDOWS, proxy: Proxy(), setWindowRect: true, strictFileInteractability: false, timeouts: {implicit: 0, pageLoad: 300000, script: 30000}, unhandledPromptBehavior: dismiss and notify, webauthn:extension:credBlob: true, webauthn:extension:largeBlob: true, webauthn:virtualAuthenticators: true}
Session ID: 772a5564c606359c39a41c2f79fbad24&#13;
	at java.base/jdk.internal.reflect.NativeConstructorAccessorImpl.newInstance0(Native Method)&#13;
	at java.base/jdk.internal.reflect.NativeConstructorAccessorImpl.newInstance(NativeConstructorAccessorImpl.java:77)&#13;
	at java.base/jdk.internal.reflect.DelegatingConstructorAccessorImpl.newInstance(DelegatingConstructorAccessorImpl.java:45)&#13;
	at java.base/java.lang.reflect.Constructor.newInstanceWithCaller(Constructor.java:499)&#13;
	at java.base/java.lang.reflect.Constructor.newInstance(Constructor.java:480)&#13;
	at org.openqa.selenium.remote.http.W3CHttpResponseCodec.createException(W3CHttpResponseCodec.java:187)&#13;
	at org.openqa.selenium.remote.http.W3CHttpResponseCodec.decode(W3CHttpResponseCodec.java:122)&#13;
	at org.openqa.selenium.remote.http.W3CHttpResponseCodec.decode(W3CHttpResponseCodec.java:49)&#13;
	at org.openqa.selenium.remote.HttpCommandExecutor.execute(HttpCommandExecutor.java:158)&#13;
	at org.openqa.selenium.remote.service.DriverCommandExecutor.execute(DriverCommandExecutor.java:83)&#13;
	at org.openqa.selenium.remote.RemoteWebDriver.execute(RemoteWebDriver.java:552)&#13;
	at org.openqa.selenium.remote.RemoteWebElement.execute(RemoteWebElement.java:285)&#13;
	at org.openqa.selenium.remote.RemoteWebElement.sendKeys(RemoteWebElement.java:106)&#13;
	at com.PSC.helper.PageObject.LoginPage.enterEmail(LoginPage.java:127)&#13;
	at com.PSC.framework.stepDefinition.AmazonPage.user_enter_invalid_email_and_password(AmazonPage.java:61)&#13;
	at ✽.User Enter invalid email and password(classpath:BackOffice/Amazon.feature:17)&#13;
</stack-trace>
            </failure>
            <steps>
                <step start="1675337755337" stop="1675337755338" status="passed">
                    <name>log[Click on Continue button, false]</name>
                    <title>Click on Continue button</title>
                </step>
            </steps>
            <attachments>
                <attachment title="screenshot" source="5671c2b9-2f30-470c-9400-260048835d27-attachment.png" type="image/png"/>
            </attachments>
            <labels>
                <label name="host" value="DESKTOP-8TF2HVC"/>
                <label name="thread" value="4732@DESKTOP-8TF2HVC.main(1)"/>
            </labels>
        </test-case>
        <test-case start="1675337737167" stop="1675337769450" status="broken">
            <name>runScenario["Amazon Login","Optional[Amazon Test Caces]"]</name>
            <description>Runs Cucumber Scenarios</description>
            <failure>
                <message>ElementNotInteractableException: element not interactable
  (Session info: chrome=109.0.5414.120)
Build info: version: '3.141.59', revision: 'e82be7d358', time: '2018-11-14T08:17:03'
System info: host: 'DESKTOP-8TF2HVC', ip: '192.168.8.226', os.name: 'Windows 10', os.arch: 'amd64', os.version: '10.0', java.version: '17.0.5'
Driver info: org.openqa.selenium.chrome.ChromeDriver
Capabilities {acceptInsecureCerts: false, browserName: chrome, browserVersion: 109.0.5414.120, chrome: {chromedriverVersion: 109.0.5414.74 (e7c5703604da..., userDataDir: C:\Users\ecs\AppData\Local\...}, goog:chromeOptions: {debuggerAddress: localhost:49581}, javascriptEnabled: true, networkConnectionEnabled: false, pageLoadStrategy: normal, platform: WINDOWS, platformName: WINDOWS, proxy: Proxy(), setWindowRect: true, strictFileInteractability: false, timeouts: {implicit: 0, pageLoad: 300000, script: 30000}, unhandledPromptBehavior: dismiss and notify, webauthn:extension:credBlob: true, webauthn:extension:largeBlob: true, webauthn:virtualAuthenticators: true}
Session ID: 772a5564c606359c39a41c2f79fbad24</message>
                <stack-trace>org.openqa.selenium.ElementNotInteractableException: element not interactable
  (Session info: chrome=109.0.5414.120)
Build info: version: '3.141.59', revision: 'e82be7d358', time: '2018-11-14T08:17:03'
System info: host: 'DESKTOP-8TF2HVC', ip: '192.168.8.226', os.name: 'Windows 10', os.arch: 'amd64', os.version: '10.0', java.version: '17.0.5'
Driver info: org.openqa.selenium.chrome.ChromeDriver
Capabilities {acceptInsecureCerts: false, browserName: chrome, browserVersion: 109.0.5414.120, chrome: {chromedriverVersion: 109.0.5414.74 (e7c5703604da..., userDataDir: C:\Users\ecs\AppData\Local\...}, goog:chromeOptions: {debuggerAddress: localhost:49581}, javascriptEnabled: true, networkConnectionEnabled: false, pageLoadStrategy: normal, platform: WINDOWS, platformName: WINDOWS, proxy: Proxy(), setWindowRect: true, strictFileInteractability: false, timeouts: {implicit: 0, pageLoad: 300000, script: 30000}, unhandledPromptBehavior: dismiss and notify, webauthn:extension:credBlob: true, webauthn:extension:largeBlob: true, webauthn:virtualAuthenticators: true}
Session ID: 772a5564c606359c39a41c2f79fbad24&#13;
	at java.base/jdk.internal.reflect.NativeConstructorAccessorImpl.newInstance0(Native Method)&#13;
	at java.base/jdk.internal.reflect.NativeConstructorAccessorImpl.newInstance(NativeConstructorAccessorImpl.java:77)&#13;
	at java.base/jdk.internal.reflect.DelegatingConstructorAccessorImpl.newInstance(DelegatingConstructorAccessorImpl.java:45)&#13;
	at java.base/java.lang.reflect.Constructor.newInstanceWithCaller(Constructor.java:499)&#13;
	at java.base/java.lang.reflect.Constructor.newInstance(Constructor.java:480)&#13;
	at org.openqa.selenium.remote.http.W3CHttpResponseCodec.createException(W3CHttpResponseCodec.java:187)&#13;
	at org.openqa.selenium.remote.http.W3CHttpResponseCodec.decode(W3CHttpResponseCodec.java:122)&#13;
	at org.openqa.selenium.remote.http.W3CHttpResponseCodec.decode(W3CHttpResponseCodec.java:49)&#13;
	at org.openqa.selenium.remote.HttpCommandExecutor.execute(HttpCommandExecutor.java:158)&#13;
	at org.openqa.selenium.remote.service.DriverCommandExecutor.execute(DriverCommandExecutor.java:83)&#13;
	at org.openqa.selenium.remote.RemoteWebDriver.execute(RemoteWebDriver.java:552)&#13;
	at org.openqa.selenium.remote.RemoteWebElement.execute(RemoteWebElement.java:285)&#13;
	at org.openqa.selenium.remote.RemoteWebElement.sendKeys(RemoteWebElement.java:106)&#13;
	at com.PSC.helper.PageObject.LoginPage.enterEmail(LoginPage.java:127)&#13;
	at com.PSC.framework.stepDefinition.AmazonPage.user_enter_invalid_email_and_password(AmazonPage.java:61)&#13;
	at ✽.User Enter invalid email and password(classpath:BackOffice/Amazon.feature:17)&#13;
</stack-trace>
            </failure>
            <steps>
                <step start="1675337755337" stop="1675337755338" status="passed">
                    <name>log[Click on Continue button, false]</name>
                    <title>Click on Continue button</title>
                </step>
            </steps>
            <attachments>
                <attachment title="screenshot" source="5671c2b9-2f30-470c-9400-260048835d27-attachment.png" type="image/png"/>
            </attachments>
            <labels>
                <label name="host" value="DESKTOP-8TF2HVC"/>
                <label name="thread" value="4732@DESKTOP-8TF2HVC.main(1)"/>
            </labels>
        </test-case>
    </test-cases>
    <labels>
        <label name="framework" value="TestNG"/>
        <label name="language" value="JAVA"/>
    </labels>
</ns2:test-suite>
